<?xml version="1.0" encoding="UTF-8"?>
<testsuite xmlns:xsi="http://www.w3.org/2001/XMLSchema-instance" xsi:noNamespaceSchemaLocation="https://maven.apache.org/surefire/maven-surefire-plugin/xsd/surefire-test-report.xsd" name="com.martinfowler.tdd.mockist.OrderInteractionTester" time="0.481" tests="2" errors="0" skipped="0" failures="0">
  <properties>
[...]
</properties>
  <testcase name="testFillingRemovesInventoryIfInStock" classname="com.martinfowler.tdd.mockist.OrderInteractionTester" time="0.062"/>
  <testcase name="testFillingDoesNotRemoveIfNotEnoughInStock" classname="com.martinfowler.tdd.mockist.OrderInteractionTester" time="0.003"/>
</testsuite>